c:\users\mahmoud\documents\github\mana_3d_engine\mana3dengine\mana3dengine\debug\vc142.pdb
c:\users\mahmoud\documents\github\mana_3d_engine\mana3dengine\mana3dengine\debug\vc142.idb
c:\users\mahmoud\documents\github\mana_3d_engine\mana3dengine\mana3dengine\debug\editorguisettingswindow.obj
c:\users\mahmoud\documents\github\mana_3d_engine\mana3dengine\mana3dengine\debug\editorguiscenewindow.obj
c:\users\mahmoud\documents\github\mana_3d_engine\mana3dengine\mana3dengine\debug\editorguiscenehierarchywindow.obj
c:\users\mahmoud\documents\github\mana_3d_engine\mana3dengine\mana3dengine\debug\editorguimenubar.obj
c:\users\mahmoud\documents\github\mana_3d_engine\mana3dengine\mana3dengine\debug\editorguimanager.obj
c:\users\mahmoud\documents\github\mana_3d_engine\mana3dengine\mana3dengine\debug\editorguilogwindow.obj
c:\users\mahmoud\documents\github\mana_3d_engine\mana3dengine\mana3dengine\debug\editorguiinspectorwindow.obj
c:\users\mahmoud\documents\github\mana_3d_engine\mana3dengine\mana3dengine\debug\editorguiassetswindow.obj
c:\users\mahmoud\documents\github\mana_3d_engine\mana3dengine\mana3dengine\debug\editorguiassetsoverviewwindow.obj
c:\users\mahmoud\documents\github\mana_3d_engine\mana3dengine\mana3dengine\debug\editor3dscenemanager.obj
c:\users\mahmoud\documents\github\mana_3d_engine\mana3dengine\mana3dengine\debug\editor3dgrid.obj
c:\users\mahmoud\documents\github\mana_3d_engine\mana3dengine\mana3dengine\debug\editor3dcamera.obj
c:\users\mahmoud\documents\github\mana_3d_engine\mana3dengine\mana3dengine\debug\directionallight.obj
c:\users\mahmoud\documents\github\mana_3d_engine\mana3dengine\mana3dengine\debug\debug.obj
c:\users\mahmoud\documents\github\mana_3d_engine\mana3dengine\mana3dengine\debug\cubemapimporter.obj
c:\users\mahmoud\documents\github\mana_3d_engine\mana3dengine\mana3dengine\debug\component.obj
c:\users\mahmoud\documents\github\mana_3d_engine\mana3dengine\mana3dengine\debug\color.obj
c:\users\mahmoud\documents\github\mana_3d_engine\mana3dengine\mana3dengine\debug\camera.obj
c:\users\mahmoud\documents\github\mana_3d_engine\mana3dengine\mana3dengine\debug\application.obj
c:\users\mahmoud\documents\github\mana_3d_engine\mana3dengine\mana3dengine\debug\animation.obj
c:\users\mahmoud\documents\github\mana_3d_engine\mana3dengine\mana3dengine\debug\mcube.obj
c:\users\mahmoud\documents\github\mana_3d_engine\mana3dengine\mana3dengine\debug\mana3dframework.obj
c:\users\mahmoud\documents\github\mana_3d_engine\mana3dengine\mana3dengine\debug\mana3denigne.obj
c:\users\mahmoud\documents\github\mana_3d_engine\mana3dengine\mana3dengine\debug\imgui_widgets.obj
c:\users\mahmoud\documents\github\mana_3d_engine\mana3dengine\mana3dengine\debug\imgui_impl_opengl3.obj
c:\users\mahmoud\documents\github\mana_3d_engine\mana3dengine\mana3dengine\debug\imgui_impl_glfw.obj
c:\users\mahmoud\documents\github\mana_3d_engine\mana3dengine\mana3dengine\debug\imgui_draw.obj
c:\users\mahmoud\documents\github\mana_3d_engine\mana3dengine\mana3dengine\debug\imgui_demo.obj
c:\users\mahmoud\documents\github\mana_3d_engine\mana3dengine\mana3dengine\debug\imgui.obj
c:\users\mahmoud\documents\github\mana_3d_engine\mana3dengine\mana3dengine\debug\keyframe.obj
c:\users\mahmoud\documents\github\mana_3d_engine\mana3dengine\mana3dengine\debug\joint.obj
c:\users\mahmoud\documents\github\mana_3d_engine\mana3dengine\mana3dengine\debug\input.obj
c:\users\mahmoud\documents\github\mana_3d_engine\mana3dengine\mana3dengine\debug\imguimanager.obj
c:\users\mahmoud\documents\github\mana_3d_engine\mana3dengine\mana3dengine\debug\graphicsettings.obj
c:\users\mahmoud\documents\github\mana_3d_engine\mana3dengine\mana3dengine\debug\gameobject.obj
c:\users\mahmoud\documents\github\mana_3d_engine\mana3dengine\mana3dengine\debug\fpscameracontroller.obj
c:\users\mahmoud\documents\github\mana_3d_engine\mana3dengine\mana3dengine\debug\editorguiwindow.obj
c:\users\mahmoud\documents\github\mana_3d_engine\mana3dengine\mana3dengine\debug\editorguiutiliteswindow.obj
c:\users\mahmoud\documents\github\mana_3d_engine\mana3dengine\mana3dengine\debug\editorguitoolbar.obj
c:\users\mahmoud\documents\github\mana_3d_engine\mana3dengine\mana3dengine\debug\skybox.obj
c:\users\mahmoud\documents\github\mana_3d_engine\mana3dengine\mana3dengine\debug\skinnedmeshrenderer.obj
c:\users\mahmoud\documents\github\mana_3d_engine\mana3dengine\mana3dengine\debug\skeleton.obj
c:\users\mahmoud\documents\github\mana_3d_engine\mana3dengine\mana3dengine\debug\screen.obj
c:\users\mahmoud\documents\github\mana_3d_engine\mana3dengine\mana3dengine\debug\pointlight.obj
c:\users\mahmoud\documents\github\mana_3d_engine\mana3dengine\mana3dengine\debug\model3dimporter.obj
c:\users\mahmoud\documents\github\mana_3d_engine\mana3dengine\mana3dengine\debug\math3d.obj
c:\users\mahmoud\documents\github\mana_3d_engine\mana3dengine\mana3dengine\debug\mstring.obj
c:\users\mahmoud\documents\github\mana_3d_engine\mana3dengine\mana3dengine\debug\mskinnedmesh.obj
c:\users\mahmoud\documents\github\mana_3d_engine\mana3dengine\mana3dengine\debug\mrectangle.obj
c:\users\mahmoud\documents\github\mana_3d_engine\mana3dengine\mana3dengine\debug\mcubemap.obj
c:\users\mahmoud\documents\github\mana_3d_engine\mana3dengine\mana3dengine\debug\transform.obj
c:\users\mahmoud\documents\github\mana_3d_engine\mana3dengine\mana3dengine\debug\time.obj
c:\users\mahmoud\documents\github\mana_3d_engine\mana3dengine\mana3dengine\debug\texture2dimporter.obj
c:\users\mahmoud\documents\github\mana_3d_engine\mana3dengine\mana3dengine\debug\spotlight.obj
c:\users\mahmoud\documents\github\mana_3d_engine\mana3dengine\mana3dengine\debug\main.obj
c:\users\mahmoud\documents\github\mana_3d_engine\mana3dengine\mana3dengine\debug\light.obj
c:\users\mahmoud\documents\github\mana_3d_engine\mana3dengine\mana3dengine\debug\mtexture.obj
c:\users\mahmoud\documents\github\mana_3d_engine\mana3dengine\mana3dengine\debug\mshader.obj
c:\users\mahmoud\documents\github\mana_3d_engine\mana3dengine\mana3dengine\debug\mprimitive.obj
c:\users\mahmoud\documents\github\mana_3d_engine\mana3dengine\mana3dengine\debug\mmesh.obj
c:\users\mahmoud\documents\github\mana_3d_engine\mana3dengine\mana3dengine\debug\mmaterial.obj
c:\users\mahmoud\documents\github\mana_3d_engine\mana3dengine\mana3dengine\debug\meshrenderer.obj
c:\users\mahmoud\documents\github\mana_3d_engine\mana3dengine\mana3dengine\debug\scenemanager.obj
c:\users\mahmoud\documents\github\mana_3d_engine\mana3dengine\mana3dengine\debug\renderer.obj
c:\users\mahmoud\documents\github\mana_3d_engine\mana3dengine\mana3dengine\debug\mana3dengine.obj
c:\users\mahmoud\documents\github\mana_3d_engine\mana3dengine\mana3dengine\debug\glad.obj
c:\users\mahmoud\documents\github\mana_3d_engine\mana3dengine\mana3dengine\debug\gl3w.obj
c:\users\mahmoud\documents\github\mana_3d_engine\mana3dengine\mana3dengine\debug\commandmanager.obj
c:\users\mahmoud\documents\github\mana_3d_engine\mana3dengine\debug\mana3dengine.exe
c:\users\mahmoud\documents\github\mana_3d_engine\mana3dengine\debug\mana3dengine.ilk
c:\users\mahmoud\documents\github\mana_3d_engine\mana3dengine\debug\mana3dengine.pdb
c:\users\mahmoud\documents\github\mana_3d_engine\mana3dengine\mana3dengine\debug\mana3dengine.res
c:\users\mahmoud\documents\github\mana_3d_engine\mana3dengine\mana3dengine\debug\mana3dengine.tlog\cl.command.1.tlog
c:\users\mahmoud\documents\github\mana_3d_engine\mana3dengine\mana3dengine\debug\mana3dengine.tlog\cl.read.1.tlog
c:\users\mahmoud\documents\github\mana_3d_engine\mana3dengine\mana3dengine\debug\mana3dengine.tlog\cl.write.1.tlog
c:\users\mahmoud\documents\github\mana_3d_engine\mana3dengine\mana3dengine\debug\mana3dengine.tlog\link.command.1.tlog
c:\users\mahmoud\documents\github\mana_3d_engine\mana3dengine\mana3dengine\debug\mana3dengine.tlog\link.read.1.tlog
c:\users\mahmoud\documents\github\mana_3d_engine\mana3dengine\mana3dengine\debug\mana3dengine.tlog\link.write.1.tlog
c:\users\mahmoud\documents\github\mana_3d_engine\mana3dengine\mana3dengine\debug\mana3dengine.tlog\rc.command.1.tlog
c:\users\mahmoud\documents\github\mana_3d_engine\mana3dengine\mana3dengine\debug\mana3dengine.tlog\rc.read.1.tlog
c:\users\mahmoud\documents\github\mana_3d_engine\mana3dengine\mana3dengine\debug\mana3dengine.tlog\rc.write.1.tlog
